# JRE version: Java(TM) SE Runtime Environment (8.0_92-b14) (build 1.8.0_92-b14)
# Java VM: Java HotSpot(TM) 64-Bit Server VM (25.92-b14 mixed mode windows-amd64 compressed oops)
Heap:
 PSYoungGen      total 100352K, used 41604K [0x00000000eab00000, 0x00000000f2e00000, 0x0000000100000000)
  eden space 91648K, 36% used [0x00000000eab00000,0x00000000ecb9d020,0x00000000f0480000)
  from space 8704K, 94% used [0x00000000f0e80000,0x00000000f1684168,0x00000000f1700000)
  to   space 10240K, 0% used [0x00000000f0480000,0x00000000f0480000,0x00000000f0e80000)
 ParOldGen       total 61440K, used 16188K [0x00000000c0000000, 0x00000000c3c00000, 0x00000000eab00000)
  object space 61440K, 26% used [0x00000000c0000000,0x00000000c0fcf328,0x00000000c3c00000)
 Metaspace       used 41655K, capacity 42428K, committed 42752K, reserved 1085440K
  class space    used 5672K, capacity 5865K, committed 5888K, reserved 1048576K
GC Heap History (10 events):
Event: 9.997 GC heap before
{Heap before GC invocations=8 (full 1):
 PSYoungGen      total 65536K, used 61109K [0x00000000eab00000, 0x00000000ef580000, 0x0000000100000000)
  eden space 55808K, 100% used [0x00000000eab00000,0x00000000ee180000,0x00000000ee180000)
  from space 9728K, 54% used [0x00000000eec00000,0x00000000ef12d750,0x00000000ef580000)
  to   space 10240K, 0% used [0x00000000ee180000,0x00000000ee180000,0x00000000eeb80000)
 ParOldGen       total 61440K, used 8415K [0x00000000c0000000, 0x00000000c3c00000, 0x00000000eab00000)
  object space 61440K, 13% used [0x00000000c0000000,0x00000000c0837fa0,0x00000000c3c00000)
 Metaspace       used 27924K, capacity 28390K, committed 28672K, reserved 1073152K
  class space    used 3899K, capacity 4031K, committed 4096K, reserved 1048576K
Event: 10.004 GC heap after
Heap after GC invocations=8 (full 1):
 PSYoungGen      total 66048K, used 5067K [0x00000000eab00000, 0x00000000f1800000, 0x0000000100000000)
  eden space 55808K, 0% used [0x00000000eab00000,0x00000000eab00000,0x00000000ee180000)
  from space 10240K, 49% used [0x00000000ee180000,0x00000000ee672c10,0x00000000eeb80000)
  to   space 9728K, 0% used [0x00000000f0e80000,0x00000000f0e80000,0x00000000f1800000)
 ParOldGen       total 61440K, used 8423K [0x00000000c0000000, 0x00000000c3c00000, 0x00000000eab00000)
  object space 61440K, 13% used [0x00000000c0000000,0x00000000c0839fa0,0x00000000c3c00000)
 Metaspace       used 27924K, capacity 28390K, committed 28672K, reserved 1073152K
  class space    used 3899K, capacity 4031K, committed 4096K, reserved 1048576K
}
Event: 12.510 GC heap before
{Heap before GC invocations=9 (full 1):
 PSYoungGen      total 66048K, used 60875K [0x00000000eab00000, 0x00000000f1800000, 0x0000000100000000)
  eden space 55808K, 100% used [0x00000000eab00000,0x00000000ee180000,0x00000000ee180000)
  from space 10240K, 49% used [0x00000000ee180000,0x00000000ee672c10,0x00000000eeb80000)
  to   space 9728K, 0% used [0x00000000f0e80000,0x00000000f0e80000,0x00000000f1800000)
 ParOldGen       total 61440K, used 8423K [0x00000000c0000000, 0x00000000c3c00000, 0x00000000eab00000)
  object space 61440K, 13% used [0x00000000c0000000,0x00000000c0839fa0,0x00000000c3c00000)
 Metaspace       used 31510K, capacity 32054K, committed 32512K, reserved 1077248K
  class space    used 4341K, capacity 4491K, committed 4608K, reserved 1048576K
Event: 12.521 GC heap after
Heap after GC invocations=9 (full 1):
 PSYoungGen      total 98816K, used 7433K [0x00000000eab00000, 0x00000000f1700000, 0x0000000100000000)
  eden space 90112K, 0% used [0x00000000eab00000,0x00000000eab00000,0x00000000f0300000)
  from space 8704K, 85% used [0x00000000f0e80000,0x00000000f15c2598,0x00000000f1700000)
  to   space 10240K, 0% used [0x00000000f0300000,0x00000000f0300000,0x00000000f0d00000)
 ParOldGen       total 61440K, used 8431K [0x00000000c0000000, 0x00000000c3c00000, 0x00000000eab00000)
  object space 61440K, 13% used [0x00000000c0000000,0x00000000c083bfa0,0x00000000c3c00000)
 Metaspace       used 31510K, capacity 32054K, committed 32512K, reserved 1077248K
  class space    used 4341K, capacity 4491K, committed 4608K, reserved 1048576K
}
Event: 13.297 GC heap before
{Heap before GC invocations=10 (full 1):
 PSYoungGen      total 98816K, used 64314K [0x00000000eab00000, 0x00000000f1700000, 0x0000000100000000)
  eden space 90112K, 63% used [0x00000000eab00000,0x00000000ee28c3d0,0x00000000f0300000)
  from space 8704K, 85% used [0x00000000f0e80000,0x00000000f15c2598,0x00000000f1700000)
  to   space 10240K, 0% used [0x00000000f0300000,0x00000000f0300000,0x00000000f0d00000)
 ParOldGen       total 61440K, used 8431K [0x00000000c0000000, 0x00000000c3c00000, 0x00000000eab00000)
  object space 61440K, 13% used [0x00000000c0000000,0x00000000c083bfa0,0x00000000c3c00000)
 Metaspace       used 34647K, capacity 35172K, committed 35456K, reserved 1079296K
  class space    used 4758K, capacity 4950K, committed 4992K, reserved 1048576K
Event: 13.310 GC heap after
Heap after GC invocations=10 (full 1):
 PSYoungGen      total 100352K, used 6828K [0x00000000eab00000, 0x00000000f1700000, 0x0000000100000000)
  eden space 90112K, 0% used [0x00000000eab00000,0x00000000eab00000,0x00000000f0300000)
  from space 10240K, 66% used [0x00000000f0300000,0x00000000f09ab1e8,0x00000000f0d00000)
  to   space 8704K, 0% used [0x00000000f0e80000,0x00000000f0e80000,0x00000000f1700000)
 ParOldGen       total 61440K, used 11055K [0x00000000c0000000, 0x00000000c3c00000, 0x00000000eab00000)
  object space 61440K, 17% used [0x00000000c0000000,0x00000000c0acbfd0,0x00000000c3c00000)
 Metaspace       used 34647K, capacity 35172K, committed 35456K, reserved 1079296K
  class space    used 4758K, capacity 4950K, committed 4992K, reserved 1048576K
}
Event: 13.310 GC heap before
{Heap before GC invocations=11 (full 2):
 PSYoungGen      total 100352K, used 6828K [0x00000000eab00000, 0x00000000f1700000, 0x0000000100000000)
  eden space 90112K, 0% used [0x00000000eab00000,0x00000000eab00000,0x00000000f0300000)
  from space 10240K, 66% used [0x00000000f0300000,0x00000000f09ab1e8,0x00000000f0d00000)
  to   space 8704K, 0% used [0x00000000f0e80000,0x00000000f0e80000,0x00000000f1700000)
 ParOldGen       total 61440K, used 11055K [0x00000000c0000000, 0x00000000c3c00000, 0x00000000eab00000)
  object space 61440K, 17% used [0x00000000c0000000,0x00000000c0acbfd0,0x00000000c3c00000)
 Metaspace       used 34647K, capacity 35172K, committed 35456K, reserved 1079296K
  class space    used 4758K, capacity 4950K, committed 4992K, reserved 1048576K
Event: 13.405 GC heap after
Heap after GC invocations=11 (full 2):
 PSYoungGen      total 100352K, used 0K [0x00000000eab00000, 0x00000000f1700000, 0x0000000100000000)
  eden space 90112K, 0% used [0x00000000eab00000,0x00000000eab00000,0x00000000f0300000)
  from space 10240K, 0% used [0x00000000f0300000,0x00000000f0300000,0x00000000f0d00000)
  to   space 8704K, 0% used [0x00000000f0e80000,0x00000000f0e80000,0x00000000f1700000)
 ParOldGen       total 61440K, used 16180K [0x00000000c0000000, 0x00000000c3c00000, 0x00000000eab00000)
  object space 61440K, 26% used [0x00000000c0000000,0x00000000c0fcd328,0x00000000c3c00000)
 Metaspace       used 34647K, capacity 35172K, committed 35456K, reserved 1079296K
  class space    used 4758K, capacity 4950K, committed 4992K, reserved 1048576K
}
Event: 16.182 GC heap before
{Heap before GC invocations=12 (full 2):
 PSYoungGen      total 100352K, used 90112K [0x00000000eab00000, 0x00000000f1700000, 0x0000000100000000)
  eden space 90112K, 100% used [0x00000000eab00000,0x00000000f0300000,0x00000000f0300000)
  from space 10240K, 0% used [0x00000000f0300000,0x00000000f0300000,0x00000000f0d00000)
  to   space 8704K, 0% used [0x00000000f0e80000,0x00000000f0e80000,0x00000000f1700000)
 ParOldGen       total 61440K, used 16180K [0x00000000c0000000, 0x00000000c3c00000, 0x00000000eab00000)
  object space 61440K, 26% used [0x00000000c0000000,0x00000000c0fcd328,0x00000000c3c00000)
 Metaspace       used 41546K, capacity 42364K, committed 42752K, reserved 1085440K
  class space    used 5672K, capacity 5865K, committed 5888K, reserved 1048576K
Event: 16.190 GC heap after
Heap after GC invocations=12 (full 2):
 PSYoungGen      total 100352K, used 8208K [0x00000000eab00000, 0x00000000f2e00000, 0x0000000100000000)
  eden space 91648K, 0% used [0x00000000eab00000,0x00000000eab00000,0x00000000f0480000)
  from space 8704K, 94% used [0x00000000f0e80000,0x00000000f1684168,0x00000000f1700000)
  to   space 10240K, 0% used [0x00000000f0480000,0x00000000f0480000,0x00000000f0e80000)
 ParOldGen       total 61440K, used 16188K [0x00000000c0000000, 0x00000000c3c00000, 0x00000000eab00000)
  object space 61440K, 26% used [0x00000000c0000000,0x00000000c0fcf328,0x00000000c3c00000)
 Metaspace       used 41546K, capacity 42364K, committed 42752K, reserved 1085440K
  class space    used 5672K, capacity 5865K, committed 5888K, reserved 1048576K
}

