# JRE version: Java(TM) SE Runtime Environment (8.0_92-b14) (build 1.8.0_92-b14)
# Java VM: Java HotSpot(TM) 64-Bit Server VM (25.92-b14 mixed mode windows-amd64 compressed oops)
Heap:
 PSYoungGen      total 261632K, used 162054K [0x00000000eab00000, 0x0000000100000000, 0x0000000100000000)
  eden space 208896K, 52% used [0x00000000eab00000,0x00000000f15c2a60,0x00000000f7700000)
  from space 52736K, 99% used [0x00000000fcc80000,0x00000000ffffef40,0x0000000100000000)
  to   space 70144K, 0% used [0x00000000f7700000,0x00000000f7700000,0x00000000fbb80000)
 ParOldGen       total 175616K, used 97531K [0x00000000c0000000, 0x00000000cab80000, 0x00000000eab00000)
  object space 175616K, 55% used [0x00000000c0000000,0x00000000c5f3edb8,0x00000000cab80000)
 Metaspace       used 6483K, capacity 7192K, committed 7424K, reserved 1056768K
  class space    used 615K, capacity 656K, committed 768K, reserved 1048576K
GC Heap History (10 events):
Event: 9.727 GC heap before
{Heap before GC invocations=5 (full 0):
 PSYoungGen      total 138240K, used 138224K [0x00000000eab00000, 0x00000000f3700000, 0x0000000100000000)
  eden space 133120K, 100% used [0x00000000eab00000,0x00000000f2d00000,0x00000000f2d00000)
  from space 5120K, 99% used [0x00000000f3200000,0x00000000f36fc028,0x00000000f3700000)
  to   space 5120K, 0% used [0x00000000f2d00000,0x00000000f2d00000,0x00000000f3200000)
 ParOldGen       total 87552K, used 24040K [0x00000000c0000000, 0x00000000c5580000, 0x00000000eab00000)
  object space 87552K, 27% used [0x00000000c0000000,0x00000000c177a198,0x00000000c5580000)
 Metaspace       used 6338K, capacity 7090K, committed 7296K, reserved 1056768K
  class space    used 594K, capacity 618K, committed 640K, reserved 1048576K
Event: 9.905 GC heap after
Heap after GC invocations=5 (full 0):
 PSYoungGen      total 138240K, used 5088K [0x00000000eab00000, 0x00000000fea00000, 0x0000000100000000)
  eden space 133120K, 0% used [0x00000000eab00000,0x00000000eab00000,0x00000000f2d00000)
  from space 5120K, 99% used [0x00000000f2d00000,0x00000000f31f8038,0x00000000f3200000)
  to   space 30208K, 0% used [0x00000000fcc80000,0x00000000fcc80000,0x00000000fea00000)
 ParOldGen       total 87552K, used 47438K [0x00000000c0000000, 0x00000000c5580000, 0x00000000eab00000)
  object space 87552K, 54% used [0x00000000c0000000,0x00000000c2e539c0,0x00000000c5580000)
 Metaspace       used 6338K, capacity 7090K, committed 7296K, reserved 1056768K
  class space    used 594K, capacity 618K, committed 640K, reserved 1048576K
}
Event: 11.438 GC heap before
{Heap before GC invocations=6 (full 0):
 PSYoungGen      total 138240K, used 138208K [0x00000000eab00000, 0x00000000fea00000, 0x0000000100000000)
  eden space 133120K, 100% used [0x00000000eab00000,0x00000000f2d00000,0x00000000f2d00000)
  from space 5120K, 99% used [0x00000000f2d00000,0x00000000f31f8038,0x00000000f3200000)
  to   space 30208K, 0% used [0x00000000fcc80000,0x00000000fcc80000,0x00000000fea00000)
 ParOldGen       total 87552K, used 47438K [0x00000000c0000000, 0x00000000c5580000, 0x00000000eab00000)
  object space 87552K, 54% used [0x00000000c0000000,0x00000000c2e539c0,0x00000000c5580000)
 Metaspace       used 6440K, capacity 7192K, committed 7424K, reserved 1056768K
  class space    used 615K, capacity 656K, committed 768K, reserved 1048576K
Event: 11.507 GC heap after
Heap after GC invocations=6 (full 0):
 PSYoungGen      total 289792K, used 30127K [0x00000000eab00000, 0x00000000ff700000, 0x0000000100000000)
  eden space 259584K, 0% used [0x00000000eab00000,0x00000000eab00000,0x00000000fa880000)
  from space 30208K, 99% used [0x00000000fcc80000,0x00000000fe9ebd88,0x00000000fea00000)
  to   space 36864K, 0% used [0x00000000fa880000,0x00000000fa880000,0x00000000fcc80000)
 ParOldGen       total 87552K, used 47438K [0x00000000c0000000, 0x00000000c5580000, 0x00000000eab00000)
  object space 87552K, 54% used [0x00000000c0000000,0x00000000c2e539c0,0x00000000c5580000)
 Metaspace       used 6440K, capacity 7192K, committed 7424K, reserved 1056768K
  class space    used 615K, capacity 656K, committed 768K, reserved 1048576K
}
Event: 12.187 GC heap before
{Heap before GC invocations=7 (full 0):
 PSYoungGen      total 289792K, used 289711K [0x00000000eab00000, 0x00000000ff700000, 0x0000000100000000)
  eden space 259584K, 100% used [0x00000000eab00000,0x00000000fa880000,0x00000000fa880000)
  from space 30208K, 99% used [0x00000000fcc80000,0x00000000fe9ebd88,0x00000000fea00000)
  to   space 36864K, 0% used [0x00000000fa880000,0x00000000fa880000,0x00000000fcc80000)
 ParOldGen       total 87552K, used 47438K [0x00000000c0000000, 0x00000000c5580000, 0x00000000eab00000)
  object space 87552K, 54% used [0x00000000c0000000,0x00000000c2e539c0,0x00000000c5580000)
 Metaspace       used 6474K, capacity 7192K, committed 7424K, reserved 1056768K
  class space    used 615K, capacity 656K, committed 768K, reserved 1048576K
Event: 12.329 GC heap after
Heap after GC invocations=7 (full 0):
 PSYoungGen      total 296448K, used 36849K [0x00000000eab00000, 0x0000000100000000, 0x0000000100000000)
  eden space 259584K, 0% used [0x00000000eab00000,0x00000000eab00000,0x00000000fa880000)
  from space 36864K, 99% used [0x00000000fa880000,0x00000000fcc7c490,0x00000000fcc80000)
  to   space 52736K, 0% used [0x00000000fcc80000,0x00000000fcc80000,0x0000000100000000)
 ParOldGen       total 87552K, used 73348K [0x00000000c0000000, 0x00000000c5580000, 0x00000000eab00000)
  object space 87552K, 83% used [0x00000000c0000000,0x00000000c47a1018,0x00000000c5580000)
 Metaspace       used 6474K, capacity 7192K, committed 7424K, reserved 1056768K
  class space    used 615K, capacity 656K, committed 768K, reserved 1048576K
}
Event: 12.329 GC heap before
{Heap before GC invocations=8 (full 1):
 PSYoungGen      total 296448K, used 36849K [0x00000000eab00000, 0x0000000100000000, 0x0000000100000000)
  eden space 259584K, 0% used [0x00000000eab00000,0x00000000eab00000,0x00000000fa880000)
  from space 36864K, 99% used [0x00000000fa880000,0x00000000fcc7c490,0x00000000fcc80000)
  to   space 52736K, 0% used [0x00000000fcc80000,0x00000000fcc80000,0x0000000100000000)
 ParOldGen       total 87552K, used 73348K [0x00000000c0000000, 0x00000000c5580000, 0x00000000eab00000)
  object space 87552K, 83% used [0x00000000c0000000,0x00000000c47a1018,0x00000000c5580000)
 Metaspace       used 6474K, capacity 7192K, committed 7424K, reserved 1056768K
  class space    used 615K, capacity 656K, committed 768K, reserved 1048576K
Event: 15.656 GC heap after
Heap after GC invocations=8 (full 1):
 PSYoungGen      total 296448K, used 19757K [0x00000000eab00000, 0x0000000100000000, 0x0000000100000000)
  eden space 259584K, 0% used [0x00000000eab00000,0x00000000eab00000,0x00000000fa880000)
  from space 36864K, 53% used [0x00000000fa880000,0x00000000fbbcb600,0x00000000fcc80000)
  to   space 52736K, 0% used [0x00000000fcc80000,0x00000000fcc80000,0x0000000100000000)
 ParOldGen       total 175616K, used 87071K [0x00000000c0000000, 0x00000000cab80000, 0x00000000eab00000)
  object space 175616K, 49% used [0x00000000c0000000,0x00000000c5507f20,0x00000000cab80000)
 Metaspace       used 6474K, capacity 7192K, committed 7424K, reserved 1056768K
  class space    used 615K, capacity 656K, committed 768K, reserved 1048576K
}
Event: 16.320 GC heap before
{Heap before GC invocations=9 (full 1):
 PSYoungGen      total 296448K, used 279341K [0x00000000eab00000, 0x0000000100000000, 0x0000000100000000)
  eden space 259584K, 100% used [0x00000000eab00000,0x00000000fa880000,0x00000000fa880000)
  from space 36864K, 53% used [0x00000000fa880000,0x00000000fbbcb600,0x00000000fcc80000)
  to   space 52736K, 0% used [0x00000000fcc80000,0x00000000fcc80000,0x0000000100000000)
 ParOldGen       total 175616K, used 87071K [0x00000000c0000000, 0x00000000cab80000, 0x00000000eab00000)
  object space 175616K, 49% used [0x00000000c0000000,0x00000000c5507f20,0x00000000cab80000)
 Metaspace       used 6480K, capacity 7192K, committed 7424K, reserved 1056768K
  class space    used 615K, capacity 656K, committed 768K, reserved 1048576K
Event: 16.452 GC heap after
Heap after GC invocations=9 (full 1):
 PSYoungGen      total 261632K, used 52731K [0x00000000eab00000, 0x0000000100000000, 0x0000000100000000)
  eden space 208896K, 0% used [0x00000000eab00000,0x00000000eab00000,0x00000000f7700000)
  from space 52736K, 99% used [0x00000000fcc80000,0x00000000ffffef40,0x0000000100000000)
  to   space 70144K, 0% used [0x00000000f7700000,0x00000000f7700000,0x00000000fbb80000)
 ParOldGen       total 175616K, used 97531K [0x00000000c0000000, 0x00000000cab80000, 0x00000000eab00000)
  object space 175616K, 55% used [0x00000000c0000000,0x00000000c5f3edb8,0x00000000cab80000)
 Metaspace       used 6480K, capacity 7192K, committed 7424K, reserved 1056768K
  class space    used 615K, capacity 656K, committed 768K, reserved 1048576K
}

